<?xml version="1.0" encoding="UTF-8"?>
<!-- Generated by org.testng.reporters.JUnitReportReporter -->
<testsuite hostname="DESKTOP-GJG769N" failures="0" tests="1" name="MyAppTest.OpenNotepad" time="15.928" errors="0" timestamp="2024-11-19T15:10:41 IST" skipped="0">
  <testcase classname="MyAppTest.OpenNotepad" name="checkEditFunctionality" time="15.928"/>
</testsuite> <!-- MyAppTest.OpenNotepad -->
