<?xml version="1.0" encoding="UTF-8"?>
<!-- Generated by org.testng.reporters.JUnitReportReporter -->
<testsuite hostname="DESKTOP-GJG769N" failures="0" tests="1" name="MyAppTest.PowerBi" time="246.216" errors="0" timestamp="2024-11-27T12:49:39 IST" skipped="0">
  <testcase classname="MyAppTest.PowerBi" name="checkEditFunctionality" time="246.216"/>
  <system-out/>
</testsuite> <!-- MyAppTest.PowerBi -->
