<?xml version="1.0" encoding="UTF-8"?>
<!-- Generated by org.testng.reporters.JUnitReportReporter -->
<testsuite hostname="DESKTOP-EI1707P" failures="0" tests="1" name="MyAppTest.PowerBi" time="276.617" errors="0" timestamp="2024-12-06T10:32:46 IST" skipped="0">
  <testcase classname="MyAppTest.PowerBi" name="checkEditFunctionality" time="276.617"/>
  <system-out/>
</testsuite> <!-- MyAppTest.PowerBi -->
