<?xml version="1.0" encoding="UTF-8"?>
<!-- Generated by org.testng.reporters.JUnitReportReporter -->
<testsuite hostname="DESKTOP-GJG769N" failures="0" tests="1" name="MyAppTest.PowerBi" time="278.773" errors="0" timestamp="2024-12-05T11:31:50 IST" skipped="0">
  <testcase classname="MyAppTest.PowerBi" name="checkEditFunctionality" time="278.773"/>
</testsuite> <!-- MyAppTest.PowerBi -->
